<?xml version="1.0" encoding="UTF-8"?>
<coverage generated="1729548000963" clover="3.2.0">
  <project timestamp="1729548000963" name="All files">
    <metrics statements="16" coveredstatements="16" conditionals="16" coveredconditionals="15" methods="5" coveredmethods="5" elements="37" coveredelements="36" complexity="0" loc="16" ncloc="16" packages="1" files="1" classes="1"/>
    <file name="operaciones.js" path="/home/vican/CH-AP/14-testing/operaciones.js">
      <metrics statements="16" coveredstatements="16" conditionals="16" coveredconditionals="15" methods="5" coveredmethods="5"/>
      <line num="1" count="1" type="stmt"/>
      <line num="3" count="4" type="cond" truecount="4" falsecount="0"/>
      <line num="4" count="2" type="stmt"/>
      <line num="6" count="2" type="stmt"/>
      <line num="8" count="1" type="stmt"/>
      <line num="9" count="4" type="cond" truecount="4" falsecount="0"/>
      <line num="10" count="2" type="stmt"/>
      <line num="12" count="2" type="stmt"/>
      <line num="14" count="1" type="stmt"/>
      <line num="15" count="1" type="stmt"/>
      <line num="16" count="2" type="cond" truecount="1" falsecount="1"/>
      <line num="17" count="2" type="cond" truecount="4" falsecount="0"/>
      <line num="18" count="1" type="stmt"/>
      <line num="22" count="6" type="cond" truecount="2" falsecount="0"/>
      <line num="23" count="5" type="stmt"/>
      <line num="27" count="1" type="stmt"/>
    </file>
  </project>
</coverage>
