{"/home/vican/CH-AP/14-testing/operaciones.js": {"path":"/home/vican/CH-AP/14-testing/operaciones.js","statementMap":{"0":{"start":{"line":1,"column":12},"end":{"line":7,"column":1}},"1":{"start":{"line":3,"column":2},"end":{"line":5,"column":3}},"2":{"start":{"line":4,"column":4},"end":{"line":4,"column":17}},"3":{"start":{"line":6,"column":2},"end":{"line":6,"column":9}},"4":{"start":{"line":8,"column":18},"end":{"line":13,"column":1}},"5":{"start":{"line":9,"column":2},"end":{"line":11,"column":3}},"6":{"start":{"line":10,"column":4},"end":{"line":10,"column":17}},"7":{"start":{"line":12,"column":2},"end":{"line":12,"column":9}},"8":{"start":{"line":14,"column":17},"end":{"line":14,"column":31}},"9":{"start":{"line":14,"column":26},"end":{"line":14,"column":31}},"10":{"start":{"line":15,"column":15},"end":{"line":19,"column":1}},"11":{"start":{"line":16,"column":2},"end":{"line":16,"column":24}},"12":{"start":{"line":16,"column":13},"end":{"line":16,"column":24}},"13":{"start":{"line":17,"column":2},"end":{"line":17,"column":73}},"14":{"start":{"line":17,"column":24},"end":{"line":17,"column":73}},"15":{"start":{"line":18,"column":2},"end":{"line":18,"column":9}},"16":{"start":{"line":22,"column":1},"end":{"line":22,"column":20}},"17":{"start":{"line":22,"column":13},"end":{"line":22,"column":20}},"18":{"start":{"line":23,"column":1},"end":{"line":23,"column":13}},"19":{"start":{"line":27,"column":0},"end":{"line":33,"column":2}}},"fnMap":{"0":{"name":"(anonymous_0)","decl":{"start":{"line":1,"column":12},"end":{"line":1,"column":13}},"loc":{"start":{"line":1,"column":21},"end":{"line":7,"column":1}},"line":1},"1":{"name":"(anonymous_1)","decl":{"start":{"line":8,"column":18},"end":{"line":8,"column":19}},"loc":{"start":{"line":8,"column":26},"end":{"line":13,"column":1}},"line":8},"2":{"name":"(anonymous_2)","decl":{"start":{"line":14,"column":17},"end":{"line":14,"column":18}},"loc":{"start":{"line":14,"column":26},"end":{"line":14,"column":31}},"line":14},"3":{"name":"(anonymous_3)","decl":{"start":{"line":15,"column":15},"end":{"line":15,"column":16}},"loc":{"start":{"line":15,"column":24},"end":{"line":19,"column":1}},"line":15},"4":{"name":"residuo","decl":{"start":{"line":21,"column":9},"end":{"line":21,"column":16}},"loc":{"start":{"line":21,"column":21},"end":{"line":24,"column":1}},"line":21}},"branchMap":{"0":{"loc":{"start":{"line":3,"column":2},"end":{"line":5,"column":3}},"type":"if","locations":[{"start":{"line":3,"column":2},"end":{"line":5,"column":3}},{"start":{},"end":{}}],"line":3},"1":{"loc":{"start":{"line":3,"column":5},"end":{"line":3,"column":51}},"type":"binary-expr","locations":[{"start":{"line":3,"column":5},"end":{"line":3,"column":26}},{"start":{"line":3,"column":30},"end":{"line":3,"column":51}}],"line":3},"2":{"loc":{"start":{"line":9,"column":2},"end":{"line":11,"column":3}},"type":"if","locations":[{"start":{"line":9,"column":2},"end":{"line":11,"column":3}},{"start":{},"end":{}}],"line":9},"3":{"loc":{"start":{"line":9,"column":5},"end":{"line":9,"column":51}},"type":"binary-expr","locations":[{"start":{"line":9,"column":5},"end":{"line":9,"column":26}},{"start":{"line":9,"column":30},"end":{"line":9,"column":51}}],"line":9},"4":{"loc":{"start":{"line":16,"column":2},"end":{"line":16,"column":24}},"type":"if","locations":[{"start":{"line":16,"column":2},"end":{"line":16,"column":24}},{"start":{},"end":{}}],"line":16},"5":{"loc":{"start":{"line":17,"column":2},"end":{"line":17,"column":73}},"type":"if","locations":[{"start":{"line":17,"column":2},"end":{"line":17,"column":73}},{"start":{},"end":{}}],"line":17},"6":{"loc":{"start":{"line":17,"column":5},"end":{"line":17,"column":23}},"type":"binary-expr","locations":[{"start":{"line":17,"column":5},"end":{"line":17,"column":12}},{"start":{"line":17,"column":16},"end":{"line":17,"column":23}}],"line":17},"7":{"loc":{"start":{"line":22,"column":1},"end":{"line":22,"column":20}},"type":"if","locations":[{"start":{"line":22,"column":1},"end":{"line":22,"column":20}},{"start":{},"end":{}}],"line":22}},"s":{"0":1,"1":4,"2":2,"3":2,"4":1,"5":4,"6":2,"7":2,"8":1,"9":1,"10":1,"11":2,"12":0,"13":2,"14":1,"15":1,"16":6,"17":1,"18":5,"19":1},"f":{"0":4,"1":4,"2":1,"3":2,"4":6},"b":{"0":[2,2],"1":[4,3],"2":[2,2],"3":[4,3],"4":[0,2],"5":[1,1],"6":[2,1],"7":[1,5]},"_coverageSchema":"1a1c01bbd47fc00a2c39e90264f33305004495a9","hash":"12cb67ca820ca3b95a02ad8791ebc17a60f8abd4"}
}
