TN:
SF:operaciones.js
FN:1,(anonymous_0)
FN:8,(anonymous_1)
FN:14,(anonymous_2)
FN:15,(anonymous_3)
FNF:4
FNH:4
FNDA:4,(anonymous_0)
FNDA:4,(anonymous_1)
FNDA:1,(anonymous_2)
FNDA:2,(anonymous_3)
DA:1,1
DA:3,4
DA:4,2
DA:6,2
DA:8,1
DA:9,4
DA:10,2
DA:12,2
DA:14,1
DA:15,1
DA:16,2
DA:17,2
DA:18,1
DA:21,1
LF:14
LH:14
BRDA:3,0,0,2
BRDA:3,0,1,2
BRDA:3,1,0,4
BRDA:3,1,1,3
BRDA:9,2,0,2
BRDA:9,2,1,2
BRDA:9,3,0,4
BRDA:9,3,1,3
BRDA:16,4,0,0
BRDA:16,4,1,2
BRDA:17,5,0,1
BRDA:17,5,1,1
BRDA:17,6,0,2
BRDA:17,6,1,1
BRF:14
BRH:13
end_of_record
